
2016-09-23 13:42:38
[ERROR]-[Thread: main]-[com.jfinal.kit.LogKit.error()]: port: 80 already in use!
java.lang.IllegalStateException: port: 80 already in use!
	at com.jfinal.server.JettyServer.doStart(JettyServer.java:79)
	at com.jfinal.server.JettyServer.start(JettyServer.java:65)
	at com.jfinal.core.JFinal.start(JFinal.java:154)
	at com.demo.common.config.DemoConfig.main(DemoConfig.java:78)

2016-09-23 13:51:30
[ERROR]-[Thread: main]-[com.jfinal.kit.LogKit.error()]: port: 80 already in use!
java.lang.IllegalStateException: port: 80 already in use!
	at com.jfinal.server.JettyServer.doStart(JettyServer.java:79)
	at com.jfinal.server.JettyServer.start(JettyServer.java:65)
	at com.jfinal.core.JFinal.start(JFinal.java:154)
	at com.demo.common.config.DemoConfig.main(DemoConfig.java:78)

2016-09-23 13:52:08
[ERROR]-[Thread: main]-[com.jfinal.kit.LogKit.error()]: port: 80 already in use!
java.lang.IllegalStateException: port: 80 already in use!
	at com.jfinal.server.JettyServer.doStart(JettyServer.java:79)
	at com.jfinal.server.JettyServer.start(JettyServer.java:65)
	at com.jfinal.core.JFinal.start(JFinal.java:154)
	at com.demo.common.config.DemoConfig.main(DemoConfig.java:78)
